<?xml version="1.0" encoding="UTF-8"?>
<testng-results ignored="0" total="1" passed="1" failed="0" skipped="0">
  <reporter-output>
  </reporter-output>
  <suite started-at="2023-11-14T11:04:27 CST" name="Surefire suite" finished-at="2023-11-14T11:04:27 CST" duration-ms="35">
    <groups>
    </groups>
    <test started-at="2023-11-14T11:04:27 CST" name="Surefire test" finished-at="2023-11-14T11:04:27 CST" duration-ms="35">
      <class name="project4_kendricks.TestGame">
        <test-method signature="testGame()[pri:0, instance:project4_kendricks.TestGame@2d2ffcb7]" started-at="2023-11-14T11:04:27 CST" name="testGame" finished-at="2023-11-14T11:04:27 CST" duration-ms="3" status="PASS">
          <reporter-output>
          </reporter-output>
        </test-method> <!-- testGame -->
      </class> <!-- project4_kendricks.TestGame -->
    </test> <!-- Surefire test -->
  </suite> <!-- Surefire suite -->
</testng-results>
